\BOOKMARK [0][-]{Doc-Start}{Acknowledgments}{}% 1
\BOOKMARK [0][-]{chapter*.1}{Abstract}{}% 2
\BOOKMARK [0][-]{toc.0}{Contents}{}% 3
\BOOKMARK [0][-]{chapter.1}{Introduction}{}% 4
\BOOKMARK [0][-]{chapter.2}{Motivation}{}% 5
\BOOKMARK [1][-]{section.2.1}{The severity of vulnerabilities}{chapter.2}% 6
\BOOKMARK [2][-]{subsection.2.1.1}{How are vulnerabilities found}{section.2.1}% 7
\BOOKMARK [2][-]{subsection.2.1.2}{The severity of a vulnerability}{section.2.1}% 8
\BOOKMARK [2][-]{subsection.2.1.3}{Common Vulnerability Scoring System}{section.2.1}% 9
\BOOKMARK [1][-]{section.2.2}{Symbolic execution}{chapter.2}% 10
\BOOKMARK [2][-]{subsection.2.2.1}{Modular and Compositional Analysis with KLEE Engine}{section.2.2}% 11
\BOOKMARK [2][-]{subsection.2.2.2}{Callgraphs}{section.2.2}% 12
\BOOKMARK [1][-]{section.2.3}{Putting it all together}{chapter.2}% 13
\BOOKMARK [0][-]{chapter.3}{Methodology and implementation}{}% 14
\BOOKMARK [1][-]{section.3.1}{Research phase}{chapter.3}% 15
\BOOKMARK [2][-]{subsection.3.1.1}{Understanding LLVM}{section.3.1}% 16
\BOOKMARK [2][-]{subsection.3.1.2}{Getting to know KLEE}{section.3.1}% 17
\BOOKMARK [2][-]{subsection.3.1.3}{Compositional symbolic execution through MACKE}{section.3.1}% 18
\BOOKMARK [2][-]{subsection.3.1.4}{Call graphs}{section.3.1}% 19
\BOOKMARK [2][-]{subsection.3.1.5}{Directed graphs and Node Attributes}{section.3.1}% 20
\BOOKMARK [1][-]{section.3.2}{Node attributes found through MACKE}{chapter.3}% 21
\BOOKMARK [2][-]{subsection.3.2.1}{Exploring CVSS base scores, and their meaning}{section.3.2}% 22
\BOOKMARK [1][-]{section.3.3}{Implementation phase}{chapter.3}% 23
\BOOKMARK [2][-]{subsection.3.3.1}{Finding a reliable Vulnerabilities Database and suitable programs to analyze}{section.3.3}% 24
\BOOKMARK [2][-]{subsection.3.3.2}{Running all programs through MACKE}{section.3.3}% 25
\BOOKMARK [2][-]{subsection.3.3.3}{Analisis of the vulnerabilities found}{section.3.3}% 26
\BOOKMARK [2][-]{subsection.3.3.4}{Calculating node attributes}{section.3.3}% 27
\BOOKMARK [2][-]{subsection.3.3.5}{Correlation found}{section.3.3}% 28
\BOOKMARK [2][-]{subsection.3.3.6}{Learning CVSS base score values from node attributes}{section.3.3}% 29
\BOOKMARK [2][-]{subsection.3.3.7}{Framework implementation}{section.3.3}% 30
\BOOKMARK [0][-]{chapter.4}{Evaluation}{}% 31
\BOOKMARK [1][-]{section.4.1}{Experiments}{chapter.4}% 32
\BOOKMARK [2][-]{subsection.4.1.1}{Docker container setup}{section.4.1}% 33
\BOOKMARK [2][-]{subsection.4.1.2}{Pre-processing the data}{section.4.1}% 34
\BOOKMARK [2][-]{subsection.4.1.3}{CVSS score assignment}{section.4.1}% 35
\BOOKMARK [2][-]{subsection.4.1.4}{Runnig MACKE on programs}{section.4.1}% 36
\BOOKMARK [2][-]{subsection.4.1.5}{Getting Call Graphs and Node Attributes}{section.4.1}% 37
\BOOKMARK [2][-]{subsection.4.1.6}{Learning Setup}{section.4.1}% 38
\BOOKMARK [2][-]{subsection.4.1.7}{Front-end implementation}{section.4.1}% 39
\BOOKMARK [2][-]{subsection.4.1.8}{Survey}{section.4.1}% 40
\BOOKMARK [2][-]{subsection.4.1.9}{Including Feedback}{section.4.1}% 41
\BOOKMARK [1][-]{section.4.2}{Results}{chapter.4}% 42
\BOOKMARK [2][-]{subsection.4.2.1}{CVSS Scores found}{section.4.2}% 43
\BOOKMARK [2][-]{subsection.4.2.2}{MACKE vulnerabilities found}{section.4.2}% 44
\BOOKMARK [2][-]{subsection.4.2.3}{Learning results}{section.4.2}% 45
\BOOKMARK [2][-]{subsection.4.2.4}{Survey Results}{section.4.2}% 46
\BOOKMARK [2][-]{subsection.4.2.5}{Future work}{section.4.2}% 47
\BOOKMARK [0][-]{chapter.5}{Related Work}{}% 48
\BOOKMARK [1][-]{section.5.1}{MACKE's ranking of vulnerabilities}{chapter.5}% 49
\BOOKMARK [2][-]{subsection.5.1.1}{MACKE's severity assessment}{section.5.1}% 50
\BOOKMARK [1][-]{section.5.2}{A Novel Automatic Severity Vulnerability Assessment Framework}{chapter.5}% 51
\BOOKMARK [2][-]{subsection.5.2.1}{How to improve upon current QVAS?}{section.5.2}% 52
\BOOKMARK [2][-]{subsection.5.2.2}{Pipeline of the ASVA framework}{section.5.2}% 53
\BOOKMARK [2][-]{subsection.5.2.3}{Is ASVA an improvement over our current framework}{section.5.2}% 54
\BOOKMARK [0][-]{chapter.6}{Conclusion}{}% 55
\BOOKMARK [0][-]{chapter*.49}{List of Figures}{}% 56
\BOOKMARK [0][-]{chapter*.50}{List of Tables}{}% 57
\BOOKMARK [0][-]{chapter*.51}{Bibliography}{}% 58
